<?xml version="1.0" encoding="UTF-8"?>
<!-- Generated by org.testng.reporters.JUnitReportReporter -->
<testsuite skipped="0" hostname="DESKTOP-VHUR96K" name="tooltip.tooltipStrategy2" tests="1" failures="0" timestamp="20 Sep 2019 12:13:04 GMT" time="13.745" errors="0">
  <testcase name="tooltipData" time="13.745" classname="tooltip.tooltipStrategy2"/>
</testsuite> <!-- tooltip.tooltipStrategy2 -->
